{"/home/mxhaib/Work/rate-guard/src/index.ts": {"path":"/home/mxhaib/Work/rate-guard/src/index.ts","statementMap":{"0":{"start":{"line":8,"column":0},"end":{"line":8,"column":16}},"1":{"start":{"line":4,"column":0},"end":{"line":4,"column":43}},"2":{"start":{"line":5,"column":0},"end":{"line":5,"column":49}},"3":{"start":{"line":6,"column":0},"end":{"line":6,"column":58}},"4":{"start":{"line":9,"column":26},"end":{"line":9,"column":50}},"5":{"start":{"line":10,"column":2},"end":{"line":12,"column":3}},"6":{"start":{"line":11,"column":4},"end":{"line":11,"column":75}},"7":{"start":{"line":14,"column":20},"end":{"line":14,"column":49}},"8":{"start":{"line":15,"column":20},"end":{"line":15,"column":32}},"9":{"start":{"line":16,"column":18},"end":{"line":16,"column":74}},"10":{"start":{"line":18,"column":2},"end":{"line":52,"column":4}},"11":{"start":{"line":23,"column":4},"end":{"line":51,"column":5}},"12":{"start":{"line":25,"column":8},"end":{"line":28,"column":12}},"13":{"start":{"line":29,"column":6},"end":{"line":34,"column":7}},"14":{"start":{"line":30,"column":8},"end":{"line":33,"column":10}},"15":{"start":{"line":36,"column":25},"end":{"line":36,"column":54}},"16":{"start":{"line":37,"column":6},"end":{"line":41,"column":7}},"17":{"start":{"line":38,"column":8},"end":{"line":38,"column":15}},"18":{"start":{"line":40,"column":8},"end":{"line":40,"column":90}},"19":{"start":{"line":44,"column":6},"end":{"line":50,"column":7}},"20":{"start":{"line":45,"column":8},"end":{"line":49,"column":11}}},"fnMap":{"0":{"name":"createRateLimiter","decl":{"start":{"line":8,"column":16},"end":{"line":8,"column":33}},"loc":{"start":{"line":8,"column":61},"end":{"line":53,"column":1}}},"1":{"name":"rateLimiter","decl":{"start":{"line":18,"column":24},"end":{"line":18,"column":35}},"loc":{"start":{"line":21,"column":22},"end":{"line":52,"column":3}}}},"branchMap":{"0":{"loc":{"start":{"line":10,"column":2},"end":{"line":12,"column":3}},"type":"if","locations":[{"start":{"line":10,"column":2},"end":{"line":12,"column":3}},{"start":{},"end":{}}]},"1":{"loc":{"start":{"line":14,"column":20},"end":{"line":14,"column":49}},"type":"binary-expr","locations":[{"start":{"line":14,"column":20},"end":{"line":14,"column":37}},{"start":{"line":14,"column":41},"end":{"line":14,"column":49}}]},"2":{"loc":{"start":{"line":25,"column":8},"end":{"line":28,"column":12}},"type":"binary-expr","locations":[{"start":{"line":25,"column":8},"end":{"line":25,"column":39}},{"start":{"line":26,"column":8},"end":{"line":26,"column":14}},{"start":{"line":27,"column":8},"end":{"line":27,"column":36}},{"start":{"line":28,"column":8},"end":{"line":28,"column":12}}]},"3":{"loc":{"start":{"line":29,"column":6},"end":{"line":34,"column":7}},"type":"if","locations":[{"start":{"line":29,"column":6},"end":{"line":34,"column":7}},{"start":{},"end":{}}]},"4":{"loc":{"start":{"line":29,"column":10},"end":{"line":29,"column":40}},"type":"binary-expr","locations":[{"start":{"line":29,"column":10},"end":{"line":29,"column":14}},{"start":{"line":29,"column":18},"end":{"line":29,"column":40}}]},"5":{"loc":{"start":{"line":37,"column":6},"end":{"line":41,"column":7}},"type":"if","locations":[{"start":{"line":37,"column":6},"end":{"line":41,"column":7}},{"start":{"line":39,"column":13},"end":{"line":41,"column":7}}]},"6":{"loc":{"start":{"line":40,"column":47},"end":{"line":40,"column":86}},"type":"binary-expr","locations":[{"start":{"line":40,"column":47},"end":{"line":40,"column":63}},{"start":{"line":40,"column":67},"end":{"line":40,"column":86}}]},"7":{"loc":{"start":{"line":44,"column":6},"end":{"line":50,"column":7}},"type":"if","locations":[{"start":{"line":44,"column":6},"end":{"line":50,"column":7}},{"start":{},"end":{}}]}},"s":{"0":1,"1":1,"2":1,"3":1,"4":5,"5":5,"6":3,"7":2,"8":2,"9":2,"10":2,"11":0,"12":0,"13":0,"14":0,"15":0,"16":0,"17":0,"18":0,"19":0,"20":0},"f":{"0":5,"1":0},"b":{"0":[3,2],"1":[2,0],"2":[0,0,0,0],"3":[0,0],"4":[0,0],"5":[0,0],"6":[0,0],"7":[0,0]}}
,"/home/mxhaib/Work/rate-guard/src/errors/errors.ts": {"path":"/home/mxhaib/Work/rate-guard/src/errors/errors.ts","statementMap":{"0":{"start":{"line":1,"column":18},"end":{"line":42,"column":11}},"1":{"start":{"line":59,"column":22},"end":{"line":59,"column":37}},"2":{"start":{"line":60,"column":20},"end":{"line":60,"column":67}},"3":{"start":{"line":62,"column":4},"end":{"line":62,"column":26}},"4":{"start":{"line":63,"column":4},"end":{"line":63,"column":21}},"5":{"start":{"line":64,"column":4},"end":{"line":64,"column":31}},"6":{"start":{"line":65,"column":4},"end":{"line":65,"column":39}},"7":{"start":{"line":66,"column":4},"end":{"line":66,"column":27}},"8":{"start":{"line":67,"column":4},"end":{"line":67,"column":23}},"9":{"start":{"line":47,"column":0},"end":{"line":47,"column":13}}},"fnMap":{"0":{"name":"(anonymous_0)","decl":{"start":{"line":54,"column":2},"end":{"line":54,"column":null}},"loc":{"start":{"line":57,"column":15},"end":{"line":68,"column":3}}}},"branchMap":{"0":{"loc":{"start":{"line":55,"column":4},"end":{"line":55,"column":34}},"type":"default-arg","locations":[{"start":{"line":55,"column":23},"end":{"line":55,"column":34}}]},"1":{"loc":{"start":{"line":56,"column":4},"end":{"line":56,"column":24}},"type":"default-arg","locations":[{"start":{"line":56,"column":22},"end":{"line":56,"column":24}}]}},"s":{"0":1,"1":3,"2":3,"3":3,"4":3,"5":3,"6":3,"7":3,"8":3,"9":1},"f":{"0":3},"b":{"0":[0],"1":[0]}}
,"/home/mxhaib/Work/rate-guard/src/helpers/entry-helpers.ts": {"path":"/home/mxhaib/Work/rate-guard/src/helpers/entry-helpers.ts","statementMap":{"0":{"start":{"line":3,"column":0},"end":{"line":3,"column":16}},"1":{"start":{"line":4,"column":2},"end":{"line":4,"column":null}},"2":{"start":{"line":4,"column":16},"end":{"line":4,"column":null}},"3":{"start":{"line":5,"column":26},"end":{"line":5,"column":47}},"4":{"start":{"line":6,"column":24},"end":{"line":6,"column":44}},"5":{"start":{"line":7,"column":32},"end":{"line":7,"column":34}},"6":{"start":{"line":8,"column":2},"end":{"line":13,"column":null}},"7":{"start":{"line":9,"column":14},"end":{"line":9,"column":39}},"8":{"start":{"line":10,"column":4},"end":{"line":12,"column":5}},"9":{"start":{"line":11,"column":6},"end":{"line":11,"column":null}},"10":{"start":{"line":14,"column":2},"end":{"line":14,"column":23}}},"fnMap":{"0":{"name":"criticalOptions","decl":{"start":{"line":3,"column":16},"end":{"line":3,"column":31}},"loc":{"start":{"line":3,"column":59},"end":{"line":15,"column":1}}},"1":{"name":"(anonymous_1)","decl":{"start":{"line":8,"column":26},"end":{"line":8,"column":27}},"loc":{"start":{"line":8,"column":30},"end":{"line":13,"column":3}}}},"branchMap":{"0":{"loc":{"start":{"line":4,"column":2},"end":{"line":4,"column":null}},"type":"if","locations":[{"start":{"line":4,"column":2},"end":{"line":4,"column":null}},{"start":{},"end":{}}]},"1":{"loc":{"start":{"line":10,"column":4},"end":{"line":12,"column":5}},"type":"if","locations":[{"start":{"line":10,"column":4},"end":{"line":12,"column":5}},{"start":{},"end":{}}]}},"s":{"0":1,"1":5,"2":1,"3":4,"4":4,"5":4,"6":4,"7":8,"8":8,"9":4,"10":4},"f":{"0":5,"1":8},"b":{"0":[1,4],"1":[4,4]}}
}
