TN:
SF:src/index.ts
FN:8,createRateLimiter
FN:18,rateLimiter
FNF:2
FNH:1
FNDA:5,createRateLimiter
FNDA:0,rateLimiter
DA:4,1
DA:5,1
DA:6,1
DA:8,1
DA:9,5
DA:10,5
DA:11,3
DA:14,2
DA:15,2
DA:16,2
DA:18,2
DA:23,0
DA:25,0
DA:29,0
DA:30,0
DA:36,0
DA:37,0
DA:38,0
DA:40,0
DA:44,0
DA:45,0
LF:21
LH:11
BRDA:10,0,0,3
BRDA:10,0,1,2
BRDA:14,1,0,2
BRDA:14,1,1,0
BRDA:25,2,0,0
BRDA:25,2,1,0
BRDA:25,2,2,0
BRDA:25,2,3,0
BRDA:29,3,0,0
BRDA:29,3,1,0
BRDA:29,4,0,0
BRDA:29,4,1,0
BRDA:37,5,0,0
BRDA:37,5,1,0
BRDA:40,6,0,0
BRDA:40,6,1,0
BRDA:44,7,0,0
BRDA:44,7,1,0
BRF:18
BRH:3
end_of_record
TN:
SF:src/errors/errors.ts
FN:54,(anonymous_0)
FNF:1
FNH:1
FNDA:3,(anonymous_0)
DA:1,1
DA:47,1
DA:59,3
DA:60,3
DA:62,3
DA:63,3
DA:64,3
DA:65,3
DA:66,3
DA:67,3
LF:10
LH:10
BRDA:55,0,0,0
BRDA:56,1,0,0
BRF:2
BRH:0
end_of_record
TN:
SF:src/helpers/entry-helpers.ts
FN:3,criticalOptions
FN:8,(anonymous_1)
FNF:2
FNH:2
FNDA:5,criticalOptions
FNDA:8,(anonymous_1)
DA:3,1
DA:4,5
DA:5,4
DA:6,4
DA:7,4
DA:8,4
DA:9,8
DA:10,8
DA:11,4
DA:14,4
LF:10
LH:10
BRDA:4,0,0,1
BRDA:4,0,1,4
BRDA:10,1,0,4
BRDA:10,1,1,4
BRF:4
BRH:4
end_of_record
